<?xml version="1.0" encoding="UTF-8"?>
<!-- Generated by org.testng.reporters.JUnitReportReporter -->
<testsuite hostname="LAPTOP-9R80R14N" failures="0" tests="3" name="com.tekarch.qa.testcases.HomePageTest" time="34.276" errors="0" timestamp="2020-06-17T12:47:37 PDT" skipped="0">
  <testcase classname="com.tekarch.qa.testcases.HomePageTest" name="verifyhomepagetitleTest" time="13.655"/>
  <system-out/>
  <testcase classname="com.tekarch.qa.testcases.HomePageTest" name="verfifyCalculatorpage" time="10.656"/>
  <system-out/>
  <testcase classname="com.tekarch.qa.testcases.HomePageTest" name="verifyfileuploadpage" time="9.965"/>
  <system-out/>
</testsuite> <!-- com.tekarch.qa.testcases.HomePageTest -->
