<?xml version="1.0" encoding="UTF-8"?>
<!-- Generated by org.testng.reporters.JUnitReportReporter -->
<testsuite hostname="LAPTOP-9R80R14N" failures="0" tests="1" name="com.tekarch.qa.testcases.LoginPageTest" time="10.634" errors="0" timestamp="2020-06-17T12:47:37 PDT" skipped="0">
  <testcase classname="com.tekarch.qa.testcases.LoginPageTest" name="loginTest" time="10.634"/>
  <system-out/>
</testsuite> <!-- com.tekarch.qa.testcases.LoginPageTest -->
