<?xml version="1.0" encoding="UTF-8"?>
<!-- Generated by org.testng.reporters.JUnitReportReporter -->
<testsuite hostname="LAPTOP-9R80R14N" failures="0" tests="2" name="com.tekarch.qa.testcases.CalculatorPageTest" time="19.213" errors="0" timestamp="2020-06-17T12:47:37 PDT" skipped="0">
  <testcase classname="com.tekarch.qa.testcases.CalculatorPageTest" name="verifycalculatorinput1" time="9.911"/>
  <system-out/>
  <testcase classname="com.tekarch.qa.testcases.CalculatorPageTest" name="verifycalculatorinput5" time="9.302"/>
  <system-out/>
</testsuite> <!-- com.tekarch.qa.testcases.CalculatorPageTest -->
